#
# There is insufficient memory for the Java Runtime Environment to continue.
# Native memory allocation (malloc) failed to allocate 255296 bytes for Chunk::new
# Possible reasons:
#   The system is out of physical RAM or swap space
#   In 32 bit mode, the process size limit was hit
# Possible solutions:
#   Reduce memory load on the system
#   Increase physical memory or swap space
#   Check if swap backing store is full
#   Use 64 bit Java on a 64 bit OS
#   Decrease Java heap size (-Xmx/-Xms)
#   Decrease number of Java threads
#   Decrease Java thread stack sizes (-Xss)
#   Set larger code cache with -XX:ReservedCodeCacheSize=
# This output file may be truncated or incomplete.
#
#  Out of Memory Error (allocation.cpp:390), pid=11688, tid=17712
#
# JRE version: Java(TM) SE Runtime Environment (8.0_91-b15) (build 1.8.0_91-b15)
# Java VM: Java HotSpot(TM) 64-Bit Server VM (25.91-b15 mixed mode windows-amd64 compressed oops)
# Failed to write core dump. Minidumps are not enabled by default on client versions of Windows
#

---------------  T H R E A D  ---------------

Current thread (0x0000000015843000):  JavaThread "C2 CompilerThread0" daemon [_thread_in_native, id=17712, stack(0x0000000016f90000,0x0000000017090000)]

Stack: [0x0000000016f90000,0x0000000017090000]
[error occurred during error reporting (printing stack bounds), id 0xc0000005]

Native frames: (J=compiled Java code, j=interpreted, Vv=VM code, C=native code)


Current CompileTask:
C2:  12774 1633       4       sun.misc.ProxyGenerator$ConstantPool::getUtf8 (18 bytes)


---------------  P R O C E S S  ---------------

Java Threads: ( => current thread )
  0x0000000018bb6800 JavaThread "Okio Watchdog" daemon [_thread_blocked, id=18240, stack(0x000000001a3a0000,0x000000001a4a0000)]
  0x0000000018c32800 JavaThread "OkHttp ConnectionPool" daemon [_thread_blocked, id=8320, stack(0x000000001a2a0000,0x000000001a3a0000)]
  0x0000000017d5f800 JavaThread "Exec Stream Pumper" daemon [_thread_in_native, id=10912, stack(0x0000000019ba0000,0x0000000019ca0000)]
  0x0000000017f1d800 JavaThread "Exec Stream Pumper" daemon [_thread_in_native, id=5424, stack(0x0000000019aa0000,0x0000000019ba0000)]
  0x0000000017f1e800 JavaThread "UrlChecker-2" daemon [_thread_blocked, id=17304, stack(0x00000000199a0000,0x0000000019aa0000)]
  0x0000000018048000 JavaThread "Exec Default Executor" daemon [_thread_in_native, id=17292, stack(0x00000000198a0000,0x00000000199a0000)]
  0x00000000178e5000 JavaThread "ReaderThread" [_thread_in_native, id=16412, stack(0x0000000018090000,0x0000000018190000)]
  0x000000001589d800 JavaThread "Service Thread" daemon [_thread_blocked, id=5708, stack(0x0000000017690000,0x0000000017790000)]
  0x000000001584e800 JavaThread "C1 CompilerThread2" daemon [_thread_blocked, id=18416, stack(0x0000000017190000,0x0000000017290000)]
  0x0000000015845000 JavaThread "C2 CompilerThread1" daemon [_thread_in_native, id=1044, stack(0x0000000017090000,0x0000000017190000)]
=>0x0000000015843000 JavaThread "C2 CompilerThread0" daemon [_thread_in_native, id=17712, stack(0x0000000016f90000,0x0000000017090000)]
  0x0000000015841800 JavaThread "Attach Listener" daemon [_thread_blocked, id=4284, stack(0x0000000016e90000,0x0000000016f90000)]
  0x0000000015840000 JavaThread "Signal Dispatcher" daemon [_thread_blocked, id=13356, stack(0x0000000016d90000,0x0000000016e90000)]
  0x000000001582a800 JavaThread "Finalizer" daemon [_thread_blocked, id=9852, stack(0x0000000016aa0000,0x0000000016ba0000)]
  0x0000000003242000 JavaThread "Reference Handler" daemon [_thread_blocked, id=7544, stack(0x00000000169a0000,0x0000000016aa0000)]
  0x0000000003153800 JavaThread "main" [_thread_in_vm, id=12652, stack(0x0000000002f60000,0x0000000003060000)]

Other Threads:
  0x0000000015807800 VMThread [stack: 0x00000000168a0000,0x00000000169a0000] [id=11808]
  0x00000000172e1000 WatcherThread [stack: 0x0000000017790000,0x0000000017890000] [id=9684]

VM state:not at safepoint (normal execution)

VM Mutex/Monitor currently owned by a thread: None

Heap:
 PSYoungGen      total 18944K, used 15559K [0x00000000eb300000, 0x00000000ec800000, 0x0000000100000000)
  eden space 16384K, 79% used [0x00000000eb300000,0x00000000ebfb9d48,0x00000000ec300000)
  from space 2560K, 98% used [0x00000000ec580000,0x00000000ec7f8050,0x00000000ec800000)
  to   space 2560K, 0% used [0x00000000ec300000,0x00000000ec300000,0x00000000ec580000)
 ParOldGen       total 44032K, used 4702K [0x00000000c1800000, 0x00000000c4300000, 0x00000000eb300000)
  object space 44032K, 10% used [0x00000000c1800000,0x00000000c1c97ad8,0x00000000c4300000)
 Metaspace       used 16995K, capacity 17714K, committed 17920K, reserved 1064960K
  class space    used 2354K, capacity 2553K, committed 2560K, reserved 1048576K

Card table byte_map: [0x0000000012610000,0x0000000012810000] byte_map_base: 0x0000000012004000

Marking Bits: (ParMarkBitMap*) 0x0000000064142f70
 Begin Bits: [0x0000000012d60000, 0x0000000013d00000)
 End Bits:   [0x0000000013d00000, 0x0000000014ca0000)

Polling page: 0x0000000003060000

CodeCache: size=245760Kb used=5445Kb max_used=5460Kb free=240314Kb
 bounds [0x0000000003250000, 0x00000000037b0000, 0x0000000012250000]
 total_blobs=2028 nmethods=1631 adapters=310
 compilation: enabled

Compilation events (10 events):
Event: 12.713 Thread 0x000000001584e800 1628       3       sun.misc.ProxyGenerator::getParameterDescriptors (47 bytes)
Event: 12.715 Thread 0x000000001584e800 nmethod 1628 0x000000000379f290 code [0x000000000379f4a0, 0x00000000037a0068]
Event: 12.715 Thread 0x000000001584e800 1629       3       sun.misc.ProxyGenerator$ConstantPool::getString (21 bytes)
Event: 12.716 Thread 0x000000001584e800 nmethod 1629 0x000000000379e910 code [0x000000000379eac0, 0x000000000379efc8]
Event: 12.716 Thread 0x000000001584e800 1630       3       sun.misc.ProxyGenerator::code_ldc (64 bytes)
Event: 12.717 Thread 0x000000001584e800 nmethod 1630 0x00000000037a1d90 code [0x00000000037a1fa0, 0x00000000037a2ba8]
Event: 12.733 Thread 0x000000001584e800 1631       1       java.lang.Class::getAnnotationType (5 bytes)
Event: 12.734 Thread 0x000000001584e800 nmethod 1631 0x000000000379e650 code [0x000000000379e7a0, 0x000000000379e8b0]
Event: 12.737 Thread 0x0000000015845000 1632       4       java.io.DataOutputStream::writeByte (14 bytes)
Event: 12.738 Thread 0x0000000015843000 1633       4       sun.misc.ProxyGenerator$ConstantPool::getUtf8 (18 bytes)

GC Heap History (8 events):
Event: 1.558 GC heap before
{Heap before GC invocations=1 (full 0):
 PSYoungGen      total 18944K, used 16384K [0x00000000eb300000, 0x00000000ec800000, 0x0000000100000000)
  eden space 16384K, 100% used [0x00000000eb300000,0x00000000ec300000,0x00000000ec300000)
  from space 2560K, 0% used [0x00000000ec580000,0x00000000ec580000,0x00000000ec800000)
  to   space 2560K, 0% used [0x00000000ec300000,0x00000000ec300000,0x00000000ec580000)
 ParOldGen       total 44032K, used 0K [0x00000000c1800000, 0x00000000c4300000, 0x00000000eb300000)
  object space 44032K, 0% used [0x00000000c1800000,0x00000000c1800000,0x00000000c4300000)
 Metaspace       used 5250K, capacity 5780K, committed 5888K, reserved 1056768K
  class space    used 693K, capacity 720K, committed 768K, reserved 1048576K
Event: 1.564 GC heap after
Heap after GC invocations=1 (full 0):
 PSYoungGen      total 18944K, used 2434K [0x00000000eb300000, 0x00000000ec800000, 0x0000000100000000)
  eden space 16384K, 0% used [0x00000000eb300000,0x00000000eb300000,0x00000000ec300000)
  from space 2560K, 95% used [0x00000000ec300000,0x00000000ec560a48,0x00000000ec580000)
  to   space 2560K, 0% used [0x00000000ec580000,0x00000000ec580000,0x00000000ec800000)
 ParOldGen       total 44032K, used 8K [0x00000000c1800000, 0x00000000c4300000, 0x00000000eb300000)
  object space 44032K, 0% used [0x00000000c1800000,0x00000000c1802000,0x00000000c4300000)
 Metaspace       used 5250K, capacity 5780K, committed 5888K, reserved 1056768K
  class space    used 693K, capacity 720K, committed 768K, reserved 1048576K
}
Event: 2.100 GC heap before
{Heap before GC invocations=2 (full 0):
 PSYoungGen      total 18944K, used 18818K [0x00000000eb300000, 0x00000000ec800000, 0x0000000100000000)
  eden space 16384K, 100% used [0x00000000eb300000,0x00000000ec300000,0x00000000ec300000)
  from space 2560K, 95% used [0x00000000ec300000,0x00000000ec560a48,0x00000000ec580000)
  to   space 2560K, 0% used [0x00000000ec580000,0x00000000ec580000,0x00000000ec800000)
 ParOldGen       total 44032K, used 8K [0x00000000c1800000, 0x00000000c4300000, 0x00000000eb300000)
  object space 44032K, 0% used [0x00000000c1800000,0x00000000c1802000,0x00000000c4300000)
 Metaspace       used 7010K, capacity 7040K, committed 7168K, reserved 1056768K
  class space    used 1004K, capacity 1008K, committed 1024K, reserved 1048576K
Event: 2.106 GC heap after
Heap after GC invocations=2 (full 0):
 PSYoungGen      total 18944K, used 2548K [0x00000000eb300000, 0x00000000ec800000, 0x0000000100000000)
  eden space 16384K, 0% used [0x00000000eb300000,0x00000000eb300000,0x00000000ec300000)
  from space 2560K, 99% used [0x00000000ec580000,0x00000000ec7fd0a0,0x00000000ec800000)
  to   space 2560K, 0% used [0x00000000ec300000,0x00000000ec300000,0x00000000ec580000)
 ParOldGen       total 44032K, used 176K [0x00000000c1800000, 0x00000000c4300000, 0x00000000eb300000)
  object space 44032K, 0% used [0x00000000c1800000,0x00000000c182c0f8,0x00000000c4300000)
 Metaspace       used 7010K, capacity 7040K, committed 7168K, reserved 1056768K
  class space    used 1004K, capacity 1008K, committed 1024K, reserved 1048576K
}
Event: 3.042 GC heap before
{Heap before GC invocations=3 (full 0):
 PSYoungGen      total 18944K, used 18932K [0x00000000eb300000, 0x00000000ec800000, 0x0000000100000000)
  eden space 16384K, 100% used [0x00000000eb300000,0x00000000ec300000,0x00000000ec300000)
  from space 2560K, 99% used [0x00000000ec580000,0x00000000ec7fd0a0,0x00000000ec800000)
  to   space 2560K, 0% used [0x00000000ec300000,0x00000000ec300000,0x00000000ec580000)
 ParOldGen       total 44032K, used 176K [0x00000000c1800000, 0x00000000c4300000, 0x00000000eb300000)
  object space 44032K, 0% used [0x00000000c1800000,0x00000000c182c0f8,0x00000000c4300000)
 Metaspace       used 10905K, capacity 11062K, committed 11392K, reserved 1058816K
  class space    used 1501K, capacity 1541K, committed 1664K, reserved 1048576K
Event: 3.052 GC heap after
Heap after GC invocations=3 (full 0):
 PSYoungGen      total 18944K, used 2528K [0x00000000eb300000, 0x00000000ec800000, 0x0000000100000000)
  eden space 16384K, 0% used [0x00000000eb300000,0x00000000eb300000,0x00000000ec300000)
  from space 2560K, 98% used [0x00000000ec300000,0x00000000ec578040,0x00000000ec580000)
  to   space 2560K, 0% used [0x00000000ec580000,0x00000000ec580000,0x00000000ec800000)
 ParOldGen       total 44032K, used 1825K [0x00000000c1800000, 0x00000000c4300000, 0x00000000eb300000)
  object space 44032K, 4% used [0x00000000c1800000,0x00000000c19c8700,0x00000000c4300000)
 Metaspace       used 10905K, capacity 11062K, committed 11392K, reserved 1058816K
  class space    used 1501K, capacity 1541K, committed 1664K, reserved 1048576K
}
Event: 4.802 GC heap before
{Heap before GC invocations=4 (full 0):
 PSYoungGen      total 18944K, used 18912K [0x00000000eb300000, 0x00000000ec800000, 0x0000000100000000)
  eden space 16384K, 100% used [0x00000000eb300000,0x00000000ec300000,0x00000000ec300000)
  from space 2560K, 98% used [0x00000000ec300000,0x00000000ec578040,0x00000000ec580000)
  to   space 2560K, 0% used [0x00000000ec580000,0x00000000ec580000,0x00000000ec800000)
 ParOldGen       total 44032K, used 1825K [0x00000000c1800000, 0x00000000c4300000, 0x00000000eb300000)
  object space 44032K, 4% used [0x00000000c1800000,0x00000000c19c8700,0x00000000c4300000)
 Metaspace       used 14723K, capacity 15174K, committed 15232K, reserved 1062912K
  class space    used 2014K, capacity 2145K, committed 2176K, reserved 1048576K
Event: 4.813 GC heap after
Heap after GC invocations=4 (full 0):
 PSYoungGen      total 18944K, used 2528K [0x00000000eb300000, 0x00000000ec800000, 0x0000000100000000)
  eden space 16384K, 0% used [0x00000000eb300000,0x00000000eb300000,0x00000000ec300000)
  from space 2560K, 98% used [0x00000000ec580000,0x00000000ec7f8050,0x00000000ec800000)
  to   space 2560K, 0% used [0x00000000ec300000,0x00000000ec300000,0x00000000ec580000)
 ParOldGen       total 44032K, used 4702K [0x00000000c1800000, 0x00000000c4300000, 0x00000000eb300000)
  object space 44032K, 10% used [0x00000000c1800000,0x00000000c1c97ad8,0x00000000c4300000)
 Metaspace       used 14723K, capacity 15174K, committed 15232K, reserved 1062912K
  class space    used 2014K, capacity 2145K, committed 2176K, reserved 1048576K
}

Deoptimization events (10 events):
Event: 2.646 Thread 0x0000000003153800 Uncommon trap: reason=predicate action=maybe_recompile pc=0x0000000003573ce8 method=java.lang.String.regionMatches(ZILjava/lang/String;II)Z @ 63
Event: 2.908 Thread 0x0000000003153800 Uncommon trap: reason=bimorphic action=maybe_recompile pc=0x00000000034b5254 method=java.net.URL.<init>(Ljava/net/URL;Ljava/lang/String;Ljava/net/URLStreamHandler;)V @ 504
Event: 3.151 Thread 0x0000000003153800 Uncommon trap: reason=unstable_if action=reinterpret pc=0x00000000034241d4 method=sun.misc.MetaIndex.mayContain(Ljava/lang/String;)Z @ 38
Event: 3.179 Thread 0x0000000003153800 Uncommon trap: reason=unstable_if action=reinterpret pc=0x000000000355c200 method=java.util.HashMap.putVal(ILjava/lang/Object;Ljava/lang/Object;ZZ)Ljava/lang/Object; @ 236
Event: 3.212 Thread 0x0000000003153800 Uncommon trap: reason=unstable_if action=reinterpret pc=0x000000000352e43c method=java.lang.CharacterDataLatin1.isWhitespace(I)Z @ 14
Event: 3.418 Thread 0x0000000003153800 Uncommon trap: reason=unstable_if action=reinterpret pc=0x00000000034ce16c method=java.util.LinkedHashMap.get(Ljava/lang/Object;)Ljava/lang/Object; @ 20
Event: 3.875 Thread 0x0000000003153800 Uncommon trap: reason=unstable_if action=reinterpret pc=0x00000000033e13c4 method=java.lang.String.replace(CC)Ljava/lang/String; @ 2
Event: 3.880 Thread 0x0000000003153800 Uncommon trap: reason=bimorphic action=maybe_recompile pc=0x00000000034b5254 method=java.net.URL.<init>(Ljava/net/URL;Ljava/lang/String;Ljava/net/URLStreamHandler;)V @ 504
Event: 3.949 Thread 0x0000000017f1e800 Uncommon trap: reason=unstable_if action=reinterpret pc=0x000000000360659c method=java.lang.CharacterDataLatin1.digit(II)I @ 82
Event: 4.462 Thread 0x0000000017f1e800 Uncommon trap: reason=unstable_if action=reinterpret pc=0x00000000036092d4 method=java.lang.CharacterDataLatin1.digit(II)I @ 82

Internal exceptions (10 events):
Event: 3.086 Thread 0x0000000003153800 Exception <a 'java/lang/NoSuchFieldError': method resolution failed> (0x00000000eb395fa0) thrown at [C:\re\workspace\8-2-build-windows-amd64-cygwin\jdk8u91\7017\hotspot\src\share\vm\prims\methodHandles.cpp, line 1146]
Event: 3.091 Thread 0x0000000003153800 Exception <a 'java/lang/NoSuchFieldError': method resolution failed> (0x00000000eb3a4000) thrown at [C:\re\workspace\8-2-build-windows-amd64-cygwin\jdk8u91\7017\hotspot\src\share\vm\prims\methodHandles.cpp, line 1146]
Event: 4.451 Thread 0x0000000017f1e800 Exception <a 'java/net/SocketTimeoutException': connect timed out> (0x00000000ebec65c8) thrown at [C:\re\workspace\8-2-build-windows-amd64-cygwin\jdk8u91\7017\hotspot\src\share\vm\prims\jni.cpp, line 735]
Event: 4.552 Thread 0x0000000003153800 Exception <a 'java/lang/IncompatibleClassChangeError': Found class java.lang.Object, but interface was expected> (0x00000000ebf73bb0) thrown at [C:\re\workspace\8-2-build-windows-amd64-cygwin\jdk8u91\7017\hotspot\src\share\vm\interpreter\linkResolver.cpp, åsGyŒ;@
Event: 4.558 Thread 0x0000000003153800 Exception <a 'java/lang/NoSuchMethodError': java.lang.Object.lambda$or$2(Ljava/util/function/Predicate;Ljava/lang/Object;)Z> (0x00000000ebf82b50) thrown at [C:\re\workspace\8-2-build-windows-amd64-cygwin\jdk8u91\7017\hotspot\src\share\vm\interpreter\linkReLÑ€W§&@
Event: 4.788 Thread 0x0000000003153800 Exception <a 'java/lang/NoSuchMethodError': java.lang.Object.lambda$chars$0()Ljava/util/Spliterator$OfInt;> (0x00000000ec2bfc58) thrown at [C:\re\workspace\8-2-build-windows-amd64-cygwin\jdk8u91\7017\hotspot\src\share\vm\interpreter\linkResolver.cpp, line 7·d{@
Event: 7.870 Thread 0x0000000003153800 Exception <a 'java/lang/NoSuchMethodError': java.lang.Object.lambda$getResponseFunction$0(Lorg/openqa/selenium/remote/InitialHandshakeResponse;)Lorg/openqa/selenium/remote/ProtocolHandshake$Result;> (0x00000000ebcca150) thrown at [C:\re\workspace\8-2-buildëœcLL¿@
Event: 7.937 Thread 0x0000000003153800 Exception <a 'java/net/SocketTimeoutException': Read timed out> (0x00000000ebe3f978) thrown at [C:\re\workspace\8-2-build-windows-amd64-cygwin\jdk8u91\7017\hotspot\src\share\vm\prims\jni.cpp, line 735]
Event: 7.944 Thread 0x0000000003153800 Exception <a 'java/net/SocketTimeoutException': Read timed out> (0x00000000ebe5c020) thrown at [C:\re\workspace\8-2-build-windows-amd64-cygwin\jdk8u91\7017\hotspot\src\share\vm\prims\jni.cpp, line 735]
Event: 9.103 Thread 0x0000000003153800 Exception <a 'java/net/SocketTimeoutException': Read timed out> (0x00000000ebe878a0) thrown at [C:\re\workspace\8-2-build-windows-amd64-cygwin\jdk8u91\7017\hotspot\src\share\vm\prims\jni.cpp, line 735]

Events (10 events):
Event: 12.710 loading class org/openqa/selenium/support/PageFactoryFinder
Event: 12.710 loading class org/openqa/selenium/support/PageFactoryFinder done
Event: 12.717 loading class org/openqa/selenium/support/FindBys
Event: 12.717 loading class org/openqa/selenium/support/FindBys done
Event: 12.718 loading class org/openqa/selenium/support/FindAll
Event: 12.718 loading class org/openqa/selenium/support/FindAll done
Event: 12.735 loading class org/openqa/selenium/support/FindBy$FindByBuilder
Event: 12.735 loading class org/openqa/selenium/support/FindBy$FindByBuilder done
Event: 12.736 loading class org/openqa/selenium/support/AbstractFindByBuilder
Event: 12.736 loading class org/openqa/selenium/support/AbstractFindByBuilder done


Dynamic libraries:
0x00007ff61d540000 - 0x00007ff61d577000 	C:\Program Files (x86)\Java\jdk1.8.0_91\bin\javaw.exe
0x00007ff9f7680000 - 0x00007ff9f7861000 	C:\Windows\SYSTEM32\ntdll.dll
0x00007ff9f5350000 - 0x00007ff9f5401000 	C:\Windows\System32\KERNEL32.DLL
0x00007ff9f3ae0000 - 0x00007ff9f3d53000 	C:\Windows\System32\KERNELBASE.dll
0x00007ff9f4b10000 - 0x00007ff9f4bb1000 	C:\Windows\System32\ADVAPI32.dll
0x00007ff9f71d0000 - 0x00007ff9f726e000 	C:\Windows\System32\msvcrt.dll
0x00007ff9f5410000 - 0x00007ff9f546b000 	C:\Windows\System32\sechost.dll
0x00007ff9f4dc0000 - 0x00007ff9f4ee4000 	C:\Windows\System32\RPCRT4.dll
0x00007ff9f51c0000 - 0x00007ff9f5350000 	C:\Windows\System32\USER32.dll
0x00007ff9f4940000 - 0x00007ff9f4960000 	C:\Windows\System32\win32u.dll
0x00007ff9f6e40000 - 0x00007ff9f6e68000 	C:\Windows\System32\GDI32.dll
0x00007ff9f4960000 - 0x00007ff9f4af1000 	C:\Windows\System32\gdi32full.dll
0x00007ff9f3a40000 - 0x00007ff9f3adf000 	C:\Windows\System32\msvcp_win.dll
0x00007ff9f4840000 - 0x00007ff9f4938000 	C:\Windows\System32\ucrtbase.dll
0x00007ff9e77d0000 - 0x00007ff9e7a39000 	C:\Windows\WinSxS\amd64_microsoft.windows.common-controls_6595b64144ccf1df_6.0.17134.1365_none_d401d10f7c8e8b9b\COMCTL32.dll
0x00007ff9f7320000 - 0x00007ff9f7641000 	C:\Windows\System32\combase.dll
0x00007ff9f4470000 - 0x00007ff9f44e9000 	C:\Windows\System32\bcryptPrimitives.dll
0x00007ff9f7010000 - 0x00007ff9f703d000 	C:\Windows\System32\IMM32.DLL
0x0000000063850000 - 0x0000000063922000 	C:\Program Files (x86)\Java\jdk1.8.0_91\jre\bin\msvcr100.dll
0x0000000063930000 - 0x00000000641c3000 	C:\Program Files (x86)\Java\jdk1.8.0_91\jre\bin\server\jvm.dll
0x00007ff9f4b00000 - 0x00007ff9f4b08000 	C:\Windows\System32\PSAPI.DLL
0x00007ff9bdb30000 - 0x00007ff9bdb39000 	C:\Windows\SYSTEM32\WSOCK32.dll
0x00007ff9f4f00000 - 0x00007ff9f4f6c000 	C:\Windows\System32\WS2_32.dll
0x00007ff9f04b0000 - 0x00007ff9f04d3000 	C:\Windows\SYSTEM32\WINMM.dll
0x00007ff9e6e30000 - 0x00007ff9e6e3a000 	C:\Windows\SYSTEM32\VERSION.dll
0x00007ff9f0480000 - 0x00007ff9f04aa000 	C:\Windows\SYSTEM32\WINMMBASE.dll
0x00007ff9f44f0000 - 0x00007ff9f4539000 	C:\Windows\System32\cfgmgr32.dll
0x0000000063840000 - 0x000000006384f000 	C:\Program Files (x86)\Java\jdk1.8.0_91\jre\bin\verify.dll
0x0000000063810000 - 0x0000000063839000 	C:\Program Files (x86)\Java\jdk1.8.0_91\jre\bin\java.dll
0x00000000637f0000 - 0x0000000063806000 	C:\Program Files (x86)\Java\jdk1.8.0_91\jre\bin\zip.dll
0x00007ff9f55a0000 - 0x00007ff9f69e5000 	C:\Windows\System32\SHELL32.dll
0x00007ff9f7270000 - 0x00007ff9f7319000 	C:\Windows\System32\shcore.dll
0x00007ff9f3d60000 - 0x00007ff9f4470000 	C:\Windows\System32\windows.storage.dll
0x00007ff9f4bc0000 - 0x00007ff9f4c11000 	C:\Windows\System32\shlwapi.dll
0x00007ff9f3a10000 - 0x00007ff9f3a21000 	C:\Windows\System32\kernel.appcore.dll
0x00007ff9f3980000 - 0x00007ff9f399f000 	C:\Windows\System32\profapi.dll
0x00007ff9f39c0000 - 0x00007ff9f3a0c000 	C:\Windows\System32\powrprof.dll
0x00007ff9f3a30000 - 0x00007ff9f3a3a000 	C:\Windows\System32\FLTLIB.DLL
0x00000000637d0000 - 0x00000000637ea000 	C:\Program Files (x86)\Java\jdk1.8.0_91\jre\bin\net.dll
0x00007ff9f3200000 - 0x00007ff9f3266000 	C:\Windows\system32\mswsock.dll
0x00007ff9f2fa0000 - 0x00007ff9f305e000 	C:\Windows\SYSTEM32\DNSAPI.dll
0x00007ff9f4ef0000 - 0x00007ff9f4ef8000 	C:\Windows\System32\NSI.dll
0x00007ff9f2f50000 - 0x00007ff9f2f88000 	C:\Windows\SYSTEM32\IPHLPAPI.DLL
0x00007ff9ea1d0000 - 0x00007ff9ea1da000 	C:\Windows\System32\rasadhlp.dll
0x00007ff9ea290000 - 0x00007ff9ea302000 	C:\Windows\System32\fwpuclnt.dll
0x00007ff9f34e0000 - 0x00007ff9f3505000 	C:\Windows\SYSTEM32\bcrypt.dll
0x0000000063780000 - 0x00000000637a4000 	C:\Program Files (x86)\Java\jdk1.8.0_91\jre\bin\sunec.dll
0x0000000065470000 - 0x000000006547b000 	C:\Program Files (x86)\Java\jdk1.8.0_91\jre\bin\sunmscapi.dll
0x00007ff9f4540000 - 0x00007ff9f4722000 	C:\Windows\System32\CRYPT32.dll
0x00007ff9f39a0000 - 0x00007ff9f39b2000 	C:\Windows\System32\MSASN1.dll
0x00007ff9f33b0000 - 0x00007ff9f33c7000 	C:\Windows\SYSTEM32\CRYPTSP.dll
0x00007ff9f2db0000 - 0x00007ff9f2de3000 	C:\Windows\system32\rsaenh.dll
0x00007ff9f38b0000 - 0x00007ff9f38d8000 	C:\Windows\SYSTEM32\USERENV.dll
0x00007ff9f33d0000 - 0x00007ff9f33db000 	C:\Windows\SYSTEM32\CRYPTBASE.dll
0x00007ff9eb6e0000 - 0x00007ff9eb6f6000 	C:\Windows\SYSTEM32\dhcpcsvc6.DLL
0x00007ff9eb920000 - 0x00007ff9eb93a000 	C:\Windows\SYSTEM32\dhcpcsvc.DLL
0x00000000637b0000 - 0x00000000637c1000 	C:\Program Files (x86)\Java\jdk1.8.0_91\jre\bin\nio.dll

VM Arguments:
jvm_args: -ea -Dfile.encoding=Cp1252 
java_command: org.eclipse.jdt.internal.junit.runner.RemoteTestRunner -version 3 -port 54474 -testLoaderClass org.eclipse.jdt.internal.junit4.runner.JUnit4TestLoader -loaderpluginname org.eclipse.jdt.junit4.runtime -classNames com.project.demo.runner.Purchaseproduct_TestRunner
java_class_path (initial): C:\Users\Lenovo\Desktop\Virtual Training\praneeth\selenium\DemoblazeApp\target\test-classes;C:\Users\Lenovo\Desktop\Virtual Training\praneeth\selenium\DemoblazeApp\target\classes;C:\Users\Lenovo\.m2\repository\org\seleniumhq\selenium\selenium-java\3.141.59\selenium-java-3.141.59.jar;C:\Users\Lenovo\.m2\repository\org\seleniumhq\selenium\selenium-api\3.141.59\selenium-api-3.141.59.jar;C:\Users\Lenovo\.m2\repository\org\seleniumhq\selenium\selenium-chrome-driver\3.141.59\selenium-chrome-driver-3.141.59.jar;C:\Users\Lenovo\.m2\repository\org\seleniumhq\selenium\selenium-edge-driver\3.141.59\selenium-edge-driver-3.141.59.jar;C:\Users\Lenovo\.m2\repository\org\seleniumhq\selenium\selenium-firefox-driver\3.141.59\selenium-firefox-driver-3.141.59.jar;C:\Users\Lenovo\.m2\repository\org\seleniumhq\selenium\selenium-ie-driver\3.141.59\selenium-ie-driver-3.141.59.jar;C:\Users\Lenovo\.m2\repository\org\seleniumhq\selenium\selenium-opera-driver\3.141.59\selenium-opera-driver-3.141.59.jar;C:\Users\Lenovo\.m2\repository\org\seleniumhq\selenium\selenium-remote-driver\3.141.59\selenium-remote-driver-3.141.59.jar;C:\Users\Lenovo\.m2\repository\org\seleniumhq\selenium\selenium-safari-driver\3.141.59\selenium-safari-driver-3.141.59.jar;C:\Users\Lenovo\.m2\repository\org\seleniumhq\selenium\selenium-support\3.141.59\selenium-support-3.141.59.jar;C:\Users\Lenovo\.m2\repository\net\bytebuddy\byte-buddy\1.8.15\byte-buddy-1.8.15.jar;C:\Users\Lenovo\.m2\repository\org\apache\commons\commons-exec\1.3\commons-exec-1.3.jar;C:\Users\Lenovo\.m2\repository\com\google\guava\guava\25.0-jre\guava-25.0-jre.jar;C:\Users\Lenovo\.m2\repository\com\google\code\findbugs\jsr305\1.3.9\jsr305-1.3.9.jar;C:\Users\Lenovo\.m2\repository\org\checkerframework\checker-compat-qual\2.0.0\checker-compat-qual-2.0.0.jar;C:\Users\Lenovo\.m2\repository\com\google\errorprone\error_prone_annotations\2.1.3\error_prone_annotations-2.1.3.jar;C:\Users\Lenovo\.m2\repository\com\google\j2objc\j2objc-an
Launcher Type: SUN_STANDARD

Environment Variables:
PATH=C:/Program Files (x86)/Java/jdk1.8.0_91/jre/bin/server;C:/Program Files (x86)/Java/jdk1.8.0_91/jre/bin;C:/Program Files (x86)/Java/jdk1.8.0_91/jre/lib/amd64;C:\Program Files (x86)\Common Files\Oracle\Java\javapath;C:\Windows\system32;C:\Windows;C:\Windows\System32\Wbem;C:\Windows\System32\WindowsPowerShell\v1.0\;C:\Windows\System32\OpenSSH\;C:\Program Files\MATLAB\R2013b\runtime\win64;C:\Program Files\MATLAB\R2013b\bin;C:\Program Files\MATLAB\R2013b\polyspace\bin;C:\Program Files (x86)\Common Files\lenovo\easyplussdk\bin;C:\Program Files\Git\cmd;C:\Users\Lenovo\AppData\Local\Microsoft\WindowsApps;C:\Program Files (x86)\Java\jdk1.8.0_91\bin;;C:\Users\Lenovo\AppData\Local\Programs\Microsoft VS Code\bin;C:\Users\Lenovo\Desktop;
USERNAME=Lenovo
OS=Windows_NT
PROCESSOR_IDENTIFIER=Intel64 Family 6 Model 69 Stepping 1, GenuineIntel



---------------  S Y S T E M  ---------------

OS: Windows 10.0 , 64 bit Build 17134 (10.0.17134.753)

CPU:total 4 (2 cores per cpu, 2 threads per core) family 6 model 69 stepping 1, cmov, cx8, fxsr, mmx, sse, sse2, sse3, ssse3, sse4.1, sse4.2, popcnt, avx, avx2, aes, clmul, erms, lzcnt, ht, tsc, tscinvbit, bmi1, bmi2

Memory: 4k page, physical 4088172k(420092k free), swap 19448172k(76k free)

vm_info: Java HotSpot(TM) 64-Bit Server VM (25.91-b15) for windows-amd64 JRE (1.8.0_91-b15), built on May 20 2016 17:43:15 by "java_re" with MS VC++ 10.0 (VS2010)

time: Thu Apr 09 12:59:49 2020
elapsed time: 12 seconds (0d 0h 0m 12s)

