2020-04-11 00:00:20.528 INFO [main] [com.project.demo.stepdefinition.Login.Login_TC] [launch_web_browser] [com.project.demo.stepdefinition.Login.Login_TC.launch_web_browser(Login_TC.java:28)] - Opening the chrome browser
2020-04-11 00:00:26.386 INFO [main] [com.project.demo.stepdefinition.Login.Login_TC] [user_open_the_demoblaze_homepage] [com.project.demo.stepdefinition.Login.Login_TC.user_open_the_demoblaze_homepage(Login_TC.java:34)] - Opening the demoblaze application
2020-04-11 00:00:30.948 INFO [main] [com.project.demo.stepdefinition.Login.Login_TC] [click_on_the_login_button_popup_window_appears] [com.project.demo.stepdefinition.Login.Login_TC.click_on_the_login_button_popup_window_appears(Login_TC.java:40)] - popup window appears
2020-04-11 00:00:31.669 INFO [main] [com.project.demo.stepdefinition.Login.Login_TC] [user_enter_the_username] [com.project.demo.stepdefinition.Login.Login_TC.user_enter_the_username(Login_TC.java:48)] - filling up username
2020-04-11 00:00:35.056 INFO [main] [com.project.demo.stepdefinition.Login.Login_TC] [user_enter_the_passsword] [com.project.demo.stepdefinition.Login.Login_TC.user_enter_the_passsword(Login_TC.java:55)] - filling up password
2020-04-11 00:00:35.358 INFO [main] [com.project.demo.stepdefinition.Login.Login_TC] [user_click_on_login_button_to_go_to_homepage] [com.project.demo.stepdefinition.Login.Login_TC.user_click_on_login_button_to_go_to_homepage(Login_TC.java:62)] - clicking on login button
2020-04-11 00:00:53.994 INFO [main] [com.project.demo.stepdefinition.Laptop.Laptop_TC] [user_will_click_on_desired_laptop] [com.project.demo.stepdefinition.Laptop.Laptop_TC.user_will_click_on_desired_laptop(Laptop_TC.java:34)] - clicking on desired laptop
2020-04-11 00:01:00.335 INFO [main] [com.project.demo.stepdefinition.Laptop.Laptop_TC] [tap_ok_on_popup] [com.project.demo.stepdefinition.Laptop.Laptop_TC.tap_ok_on_popup(Laptop_TC.java:50)] - handling window alerts
2020-04-11 00:01:00.353 INFO [main] [com.project.demo.stepdefinition.Laptop.Laptop_TC] [the_user_click_on_cart_page] [com.project.demo.stepdefinition.Laptop.Laptop_TC.the_user_click_on_cart_page(Laptop_TC.java:57)] - clicking on cart page
2020-04-11 00:10:16.909 INFO [main] [com.project.demo.stepdefinition.Login.Login_TC] [launch_web_browser] [com.project.demo.stepdefinition.Login.Login_TC.launch_web_browser(Login_TC.java:28)] - Opening the chrome browser
2020-04-11 00:10:23.011 INFO [main] [com.project.demo.stepdefinition.Login.Login_TC] [user_open_the_demoblaze_homepage] [com.project.demo.stepdefinition.Login.Login_TC.user_open_the_demoblaze_homepage(Login_TC.java:34)] - Opening the demoblaze application
2020-04-11 00:10:28.356 INFO [main] [com.project.demo.stepdefinition.Login.Login_TC] [click_on_the_login_button_popup_window_appears] [com.project.demo.stepdefinition.Login.Login_TC.click_on_the_login_button_popup_window_appears(Login_TC.java:40)] - popup window appears
2020-04-11 00:10:28.603 INFO [main] [com.project.demo.stepdefinition.Login.Login_TC] [user_enter_the_username] [com.project.demo.stepdefinition.Login.Login_TC.user_enter_the_username(Login_TC.java:47)] - filling up username
2020-04-11 00:10:32.917 INFO [main] [com.project.demo.stepdefinition.Login.Login_TC] [user_enter_the_passsword] [com.project.demo.stepdefinition.Login.Login_TC.user_enter_the_passsword(Login_TC.java:55)] - filling up password
2020-04-11 00:10:33.600 INFO [main] [com.project.demo.stepdefinition.Login.Login_TC] [user_click_on_login_button_to_go_to_homepage] [com.project.demo.stepdefinition.Login.Login_TC.user_click_on_login_button_to_go_to_homepage(Login_TC.java:62)] - clicking on login button
2020-04-11 00:13:18.698 INFO [main] [com.project.demo.stepdefinition.Laptop.Laptop_TC] [user_will_click_on_desired_laptop] [com.project.demo.stepdefinition.Laptop.Laptop_TC.user_will_click_on_desired_laptop(Laptop_TC.java:34)] - clicking on desired laptop
2020-04-11 00:13:26.972 INFO [main] [com.project.demo.stepdefinition.Laptop.Laptop_TC] [tap_ok_on_popup] [com.project.demo.stepdefinition.Laptop.Laptop_TC.tap_ok_on_popup(Laptop_TC.java:51)] - handling window alerts
2020-04-11 00:13:27.044 INFO [main] [com.project.demo.stepdefinition.Laptop.Laptop_TC] [the_user_click_on_cart_page] [com.project.demo.stepdefinition.Laptop.Laptop_TC.the_user_click_on_cart_page(Laptop_TC.java:59)] - clicking on cart page
2020-04-11 00:14:29.448 INFO [main] [com.project.demo.stepdefinition.Laptop.Laptop_TC] [user_will_click_on_desired_laptop] [com.project.demo.stepdefinition.Laptop.Laptop_TC.user_will_click_on_desired_laptop(Laptop_TC.java:34)] - clicking on desired laptop
2020-04-11 00:14:39.265 INFO [main] [com.project.demo.stepdefinition.Laptop.Laptop_TC] [tap_ok_on_popup] [com.project.demo.stepdefinition.Laptop.Laptop_TC.tap_ok_on_popup(Laptop_TC.java:51)] - handling window alerts
2020-04-11 00:14:39.294 INFO [main] [com.project.demo.stepdefinition.Laptop.Laptop_TC] [the_user_click_on_cart_page] [com.project.demo.stepdefinition.Laptop.Laptop_TC.the_user_click_on_cart_page(Laptop_TC.java:59)] - clicking on cart page
2020-04-11 00:18:54.769 INFO [main] [com.project.demo.stepdefinition.Login.Login_TC] [launch_web_browser] [com.project.demo.stepdefinition.Login.Login_TC.launch_web_browser(Login_TC.java:28)] - Opening the chrome browser
2020-04-11 00:19:00.606 INFO [main] [com.project.demo.stepdefinition.Login.Login_TC] [user_open_the_demoblaze_homepage] [com.project.demo.stepdefinition.Login.Login_TC.user_open_the_demoblaze_homepage(Login_TC.java:34)] - Opening the demoblaze application
2020-04-11 00:19:04.247 INFO [main] [com.project.demo.stepdefinition.Login.Login_TC] [click_on_the_login_button_popup_window_appears] [com.project.demo.stepdefinition.Login.Login_TC.click_on_the_login_button_popup_window_appears(Login_TC.java:40)] - popup window appears
2020-04-11 00:22:08.206 INFO [main] [com.project.demo.stepdefinition.Login.Login_TC] [launch_web_browser] [com.project.demo.stepdefinition.Login.Login_TC.launch_web_browser(Login_TC.java:28)] - Opening the chrome browser
2020-04-11 00:22:13.792 INFO [main] [com.project.demo.stepdefinition.Login.Login_TC] [user_open_the_demoblaze_homepage] [com.project.demo.stepdefinition.Login.Login_TC.user_open_the_demoblaze_homepage(Login_TC.java:34)] - Opening the demoblaze application
2020-04-11 00:22:18.562 INFO [main] [com.project.demo.stepdefinition.Login.Login_TC] [click_on_the_login_button_popup_window_appears] [com.project.demo.stepdefinition.Login.Login_TC.click_on_the_login_button_popup_window_appears(Login_TC.java:40)] - popup window appears
2020-04-11 00:22:18.814 INFO [main] [com.project.demo.stepdefinition.Login.Login_TC] [user_enter_the_username] [com.project.demo.stepdefinition.Login.Login_TC.user_enter_the_username(Login_TC.java:47)] - filling up username
2020-04-11 06:29:20.668 INFO [main] [com.project.demo.stepdefinition.Login.Login_TC] [launch_web_browser] [com.project.demo.stepdefinition.Login.Login_TC.launch_web_browser(Login_TC.java:28)] - Opening the chrome browser
2020-04-11 06:29:32.229 INFO [main] [com.project.demo.stepdefinition.Login.Login_TC] [user_open_the_demoblaze_homepage] [com.project.demo.stepdefinition.Login.Login_TC.user_open_the_demoblaze_homepage(Login_TC.java:34)] - Opening the demoblaze application
2020-04-11 06:29:41.303 INFO [main] [com.project.demo.stepdefinition.Login.Login_TC] [click_on_the_login_button_popup_window_appears] [com.project.demo.stepdefinition.Login.Login_TC.click_on_the_login_button_popup_window_appears(Login_TC.java:40)] - popup window appears
2020-04-11 06:29:41.934 INFO [main] [com.project.demo.stepdefinition.Login.Login_TC] [user_enter_the_username] [com.project.demo.stepdefinition.Login.Login_TC.user_enter_the_username(Login_TC.java:47)] - filling up username
2020-04-11 06:29:55.429 INFO [main] [com.project.demo.stepdefinition.Login.Login_TC] [user_enter_the_passsword] [com.project.demo.stepdefinition.Login.Login_TC.user_enter_the_passsword(Login_TC.java:55)] - filling up password
2020-04-11 06:29:55.800 INFO [main] [com.project.demo.stepdefinition.Login.Login_TC] [user_click_on_login_button_to_go_to_homepage] [com.project.demo.stepdefinition.Login.Login_TC.user_click_on_login_button_to_go_to_homepage(Login_TC.java:62)] - clicking on login button
2020-04-11 06:32:16.578 INFO [main] [com.project.demo.stepdefinition.Login.Login_TC] [launch_web_browser] [com.project.demo.stepdefinition.Login.Login_TC.launch_web_browser(Login_TC.java:28)] - Opening the chrome browser
2020-04-11 06:32:22.068 INFO [main] [com.project.demo.stepdefinition.Login.Login_TC] [user_open_the_demoblaze_homepage] [com.project.demo.stepdefinition.Login.Login_TC.user_open_the_demoblaze_homepage(Login_TC.java:34)] - Opening the demoblaze application
2020-04-11 06:32:25.561 INFO [main] [com.project.demo.stepdefinition.Login.Login_TC] [click_on_the_login_button_popup_window_appears] [com.project.demo.stepdefinition.Login.Login_TC.click_on_the_login_button_popup_window_appears(Login_TC.java:40)] - popup window appears
2020-04-11 06:32:25.847 INFO [main] [com.project.demo.stepdefinition.Login.Login_TC] [user_enter_the_username] [com.project.demo.stepdefinition.Login.Login_TC.user_enter_the_username(Login_TC.java:47)] - filling up username
2020-04-11 06:32:28.354 INFO [main] [com.project.demo.stepdefinition.Login.Login_TC] [user_enter_the_passsword] [com.project.demo.stepdefinition.Login.Login_TC.user_enter_the_passsword(Login_TC.java:55)] - filling up password
2020-04-11 06:32:28.747 INFO [main] [com.project.demo.stepdefinition.Login.Login_TC] [user_click_on_login_button_to_go_to_homepage] [com.project.demo.stepdefinition.Login.Login_TC.user_click_on_login_button_to_go_to_homepage(Login_TC.java:62)] - clicking on login button
2020-04-11 06:33:42.266 INFO [main] [com.project.demo.stepdefinition.Login.Login_TC] [launch_web_browser] [com.project.demo.stepdefinition.Login.Login_TC.launch_web_browser(Login_TC.java:28)] - Opening the chrome browser
2020-04-11 06:33:47.382 INFO [main] [com.project.demo.stepdefinition.Login.Login_TC] [user_open_the_demoblaze_homepage] [com.project.demo.stepdefinition.Login.Login_TC.user_open_the_demoblaze_homepage(Login_TC.java:34)] - Opening the demoblaze application
2020-04-11 06:33:49.195 INFO [main] [com.project.demo.stepdefinition.Login.Login_TC] [click_on_the_login_button_popup_window_appears] [com.project.demo.stepdefinition.Login.Login_TC.click_on_the_login_button_popup_window_appears(Login_TC.java:40)] - popup window appears
2020-04-11 06:33:49.377 INFO [main] [com.project.demo.stepdefinition.Login.Login_TC] [user_enter_the_username] [com.project.demo.stepdefinition.Login.Login_TC.user_enter_the_username(Login_TC.java:47)] - filling up username
2020-04-11 06:33:52.319 INFO [main] [com.project.demo.stepdefinition.Login.Login_TC] [user_enter_the_passsword] [com.project.demo.stepdefinition.Login.Login_TC.user_enter_the_passsword(Login_TC.java:55)] - filling up password
2020-04-11 06:33:52.728 INFO [main] [com.project.demo.stepdefinition.Login.Login_TC] [user_click_on_login_button_to_go_to_homepage] [com.project.demo.stepdefinition.Login.Login_TC.user_click_on_login_button_to_go_to_homepage(Login_TC.java:62)] - clicking on login button
2020-04-11 06:35:24.753 INFO [main] [com.project.demo.stepdefinition.Login.Login_TC] [launch_web_browser] [com.project.demo.stepdefinition.Login.Login_TC.launch_web_browser(Login_TC.java:28)] - Opening the chrome browser
2020-04-11 06:35:30.075 INFO [main] [com.project.demo.stepdefinition.Login.Login_TC] [user_open_the_demoblaze_homepage] [com.project.demo.stepdefinition.Login.Login_TC.user_open_the_demoblaze_homepage(Login_TC.java:34)] - Opening the demoblaze application
2020-04-11 06:35:34.950 INFO [main] [com.project.demo.stepdefinition.Login.Login_TC] [click_on_the_login_button_popup_window_appears] [com.project.demo.stepdefinition.Login.Login_TC.click_on_the_login_button_popup_window_appears(Login_TC.java:40)] - popup window appears
2020-04-11 06:35:35.258 INFO [main] [com.project.demo.stepdefinition.Login.Login_TC] [user_enter_the_username] [com.project.demo.stepdefinition.Login.Login_TC.user_enter_the_username(Login_TC.java:47)] - filling up username
2020-04-11 06:35:38.723 INFO [main] [com.project.demo.stepdefinition.Login.Login_TC] [user_enter_the_passsword] [com.project.demo.stepdefinition.Login.Login_TC.user_enter_the_passsword(Login_TC.java:55)] - filling up password
2020-04-11 06:35:39.021 INFO [main] [com.project.demo.stepdefinition.Login.Login_TC] [user_click_on_login_button_to_go_to_homepage] [com.project.demo.stepdefinition.Login.Login_TC.user_click_on_login_button_to_go_to_homepage(Login_TC.java:62)] - clicking on login button
2020-04-11 06:38:27.409 INFO [main] [com.project.demo.stepdefinition.Laptop.Laptop_TC] [user_will_click_on_desired_laptop] [com.project.demo.stepdefinition.Laptop.Laptop_TC.user_will_click_on_desired_laptop(Laptop_TC.java:34)] - clicking on desired laptop
2020-04-11 06:38:34.050 INFO [main] [com.project.demo.stepdefinition.Laptop.Laptop_TC] [tap_ok_on_popup] [com.project.demo.stepdefinition.Laptop.Laptop_TC.tap_ok_on_popup(Laptop_TC.java:51)] - handling window alerts
2020-04-11 06:38:34.149 INFO [main] [com.project.demo.stepdefinition.Laptop.Laptop_TC] [the_user_click_on_cart_page] [com.project.demo.stepdefinition.Laptop.Laptop_TC.the_user_click_on_cart_page(Laptop_TC.java:59)] - clicking on cart page
2020-04-11 06:40:27.323 INFO [main] [com.project.demo.stepdefinition.Laptop.Laptop_TC] [user_will_click_on_desired_laptop] [com.project.demo.stepdefinition.Laptop.Laptop_TC.user_will_click_on_desired_laptop(Laptop_TC.java:34)] - clicking on desired laptop
2020-04-11 06:40:34.094 INFO [main] [com.project.demo.stepdefinition.Laptop.Laptop_TC] [tap_ok_on_popup] [com.project.demo.stepdefinition.Laptop.Laptop_TC.tap_ok_on_popup(Laptop_TC.java:51)] - handling window alerts
2020-04-11 06:40:34.124 INFO [main] [com.project.demo.stepdefinition.Laptop.Laptop_TC] [the_user_click_on_cart_page] [com.project.demo.stepdefinition.Laptop.Laptop_TC.the_user_click_on_cart_page(Laptop_TC.java:59)] - clicking on cart page
2020-04-11 06:50:00.656 INFO [main] [com.project.demo.stepdefinition.Laptop.Laptop_TC] [user_will_click_on_desired_laptop] [com.project.demo.stepdefinition.Laptop.Laptop_TC.user_will_click_on_desired_laptop(Laptop_TC.java:34)] - clicking on desired laptop
2020-04-11 06:52:01.716 INFO [main] [com.project.demo.stepdefinition.Laptop.Laptop_TC] [user_will_click_on_desired_laptop] [com.project.demo.stepdefinition.Laptop.Laptop_TC.user_will_click_on_desired_laptop(Laptop_TC.java:34)] - clicking on desired laptop
2020-04-11 06:52:10.919 INFO [main] [com.project.demo.stepdefinition.Laptop.Laptop_TC] [tap_ok_on_popup] [com.project.demo.stepdefinition.Laptop.Laptop_TC.tap_ok_on_popup(Laptop_TC.java:51)] - handling window alerts
2020-04-11 06:52:10.948 INFO [main] [com.project.demo.stepdefinition.Laptop.Laptop_TC] [the_user_click_on_cart_page] [com.project.demo.stepdefinition.Laptop.Laptop_TC.the_user_click_on_cart_page(Laptop_TC.java:58)] - clicking on cart page
2020-04-11 06:58:06.290 INFO [main] [com.project.demo.stepdefinition.Login.Login_TC] [launch_web_browser] [com.project.demo.stepdefinition.Login.Login_TC.launch_web_browser(Login_TC.java:28)] - Opening the chrome browser
2020-04-11 06:58:11.294 INFO [main] [com.project.demo.stepdefinition.Login.Login_TC] [user_open_the_demoblaze_homepage] [com.project.demo.stepdefinition.Login.Login_TC.user_open_the_demoblaze_homepage(Login_TC.java:34)] - Opening the demoblaze application
2020-04-11 06:58:12.952 INFO [main] [com.project.demo.stepdefinition.Login.Login_TC] [click_on_the_login_button_popup_window_appears] [com.project.demo.stepdefinition.Login.Login_TC.click_on_the_login_button_popup_window_appears(Login_TC.java:40)] - popup window appears
2020-04-11 06:58:13.296 INFO [main] [com.project.demo.stepdefinition.Login.Login_TC] [user_enter_the_username] [com.project.demo.stepdefinition.Login.Login_TC.user_enter_the_username(Login_TC.java:47)] - filling up username
2020-04-11 06:58:16.673 INFO [main] [com.project.demo.stepdefinition.Login.Login_TC] [user_enter_the_passsword] [com.project.demo.stepdefinition.Login.Login_TC.user_enter_the_passsword(Login_TC.java:55)] - filling up password
2020-04-11 06:58:16.926 INFO [main] [com.project.demo.stepdefinition.Login.Login_TC] [user_click_on_login_button_to_go_to_homepage] [com.project.demo.stepdefinition.Login.Login_TC.user_click_on_login_button_to_go_to_homepage(Login_TC.java:62)] - clicking on login button
2020-04-11 06:58:34.821 INFO [main] [com.project.demo.stepdefinition.Laptop.Laptop_TC] [user_will_click_on_desired_laptop] [com.project.demo.stepdefinition.Laptop.Laptop_TC.user_will_click_on_desired_laptop(Laptop_TC.java:34)] - clicking on desired laptop
2020-04-11 06:58:41.389 INFO [main] [com.project.demo.stepdefinition.Laptop.Laptop_TC] [tap_ok_on_popup] [com.project.demo.stepdefinition.Laptop.Laptop_TC.tap_ok_on_popup(Laptop_TC.java:51)] - handling window alerts
2020-04-11 06:58:41.467 INFO [main] [com.project.demo.stepdefinition.Laptop.Laptop_TC] [the_user_click_on_cart_page] [com.project.demo.stepdefinition.Laptop.Laptop_TC.the_user_click_on_cart_page(Laptop_TC.java:58)] - clicking on cart page
2020-04-11 07:13:49.456 INFO [main] [com.project.demo.stepdefinition.Login.Login_TC] [launch_web_browser] [com.project.demo.stepdefinition.Login.Login_TC.launch_web_browser(Login_TC.java:28)] - Opening the chrome browser
2020-04-11 07:13:56.267 INFO [main] [com.project.demo.stepdefinition.Login.Login_TC] [user_open_the_demoblaze_homepage] [com.project.demo.stepdefinition.Login.Login_TC.user_open_the_demoblaze_homepage(Login_TC.java:34)] - Opening the demoblaze application
2020-04-11 07:13:58.622 INFO [main] [com.project.demo.stepdefinition.Login.Login_TC] [click_on_the_login_button_popup_window_appears] [com.project.demo.stepdefinition.Login.Login_TC.click_on_the_login_button_popup_window_appears(Login_TC.java:40)] - popup window appears
2020-04-11 07:13:58.992 INFO [main] [com.project.demo.stepdefinition.Login.Login_TC] [user_enter_the_username] [com.project.demo.stepdefinition.Login.Login_TC.user_enter_the_username(Login_TC.java:47)] - filling up username
2020-04-11 07:14:06.017 INFO [main] [com.project.demo.stepdefinition.Login.Login_TC] [user_enter_the_passsword] [com.project.demo.stepdefinition.Login.Login_TC.user_enter_the_passsword(Login_TC.java:55)] - filling up password
2020-04-11 07:14:06.580 INFO [main] [com.project.demo.stepdefinition.Login.Login_TC] [user_click_on_login_button_to_go_to_homepage] [com.project.demo.stepdefinition.Login.Login_TC.user_click_on_login_button_to_go_to_homepage(Login_TC.java:62)] - clicking on login button
2020-04-11 07:14:24.837 INFO [main] [com.project.demo.stepdefinition.Laptop.Laptop_TC] [user_will_click_on_desired_laptop] [com.project.demo.stepdefinition.Laptop.Laptop_TC.user_will_click_on_desired_laptop(Laptop_TC.java:34)] - clicking on desired laptop
2020-04-11 07:14:31.156 INFO [main] [com.project.demo.stepdefinition.Laptop.Laptop_TC] [tap_ok_on_popup] [com.project.demo.stepdefinition.Laptop.Laptop_TC.tap_ok_on_popup(Laptop_TC.java:51)] - handling window alerts
2020-04-11 07:14:31.174 INFO [main] [com.project.demo.stepdefinition.Laptop.Laptop_TC] [the_user_click_on_cart_page] [com.project.demo.stepdefinition.Laptop.Laptop_TC.the_user_click_on_cart_page(Laptop_TC.java:58)] - clicking on cart page
2020-04-11 07:19:58.267 INFO [main] [com.project.demo.stepdefinition.Login.Login_TC] [launch_web_browser] [com.project.demo.stepdefinition.Login.Login_TC.launch_web_browser(Login_TC.java:28)] - Opening the chrome browser
2020-04-11 07:20:03.888 INFO [main] [com.project.demo.stepdefinition.Login.Login_TC] [user_open_the_demoblaze_homepage] [com.project.demo.stepdefinition.Login.Login_TC.user_open_the_demoblaze_homepage(Login_TC.java:34)] - Opening the demoblaze application
2020-04-11 07:20:07.390 INFO [main] [com.project.demo.stepdefinition.Login.Login_TC] [click_on_the_login_button_popup_window_appears] [com.project.demo.stepdefinition.Login.Login_TC.click_on_the_login_button_popup_window_appears(Login_TC.java:40)] - popup window appears
2020-04-11 07:20:07.952 INFO [main] [com.project.demo.stepdefinition.Login.Login_TC] [user_enter_the_username] [com.project.demo.stepdefinition.Login.Login_TC.user_enter_the_username(Login_TC.java:47)] - filling up username
2020-04-11 07:20:11.054 INFO [main] [com.project.demo.stepdefinition.Login.Login_TC] [user_enter_the_passsword] [com.project.demo.stepdefinition.Login.Login_TC.user_enter_the_passsword(Login_TC.java:55)] - filling up password
2020-04-11 07:20:11.352 INFO [main] [com.project.demo.stepdefinition.Login.Login_TC] [user_click_on_login_button_to_go_to_homepage] [com.project.demo.stepdefinition.Login.Login_TC.user_click_on_login_button_to_go_to_homepage(Login_TC.java:62)] - clicking on login button
2020-04-11 07:20:38.257 INFO [main] [com.project.demo.stepdefinition.Laptop.Laptop_TC] [user_will_click_on_desired_laptop] [com.project.demo.stepdefinition.Laptop.Laptop_TC.user_will_click_on_desired_laptop(Laptop_TC.java:34)] - clicking on desired laptop
2020-04-11 07:20:46.223 INFO [main] [com.project.demo.stepdefinition.Laptop.Laptop_TC] [tap_ok_on_popup] [com.project.demo.stepdefinition.Laptop.Laptop_TC.tap_ok_on_popup(Laptop_TC.java:51)] - handling window alerts
2020-04-11 07:20:46.292 INFO [main] [com.project.demo.stepdefinition.Laptop.Laptop_TC] [the_user_click_on_cart_page] [com.project.demo.stepdefinition.Laptop.Laptop_TC.the_user_click_on_cart_page(Laptop_TC.java:58)] - clicking on cart page
2020-04-11 07:25:03.523 INFO [main] [com.project.demo.stepdefinition.Login.Login_TC] [launch_web_browser] [com.project.demo.stepdefinition.Login.Login_TC.launch_web_browser(Login_TC.java:28)] - Opening the chrome browser
2020-04-11 07:25:08.399 INFO [main] [com.project.demo.stepdefinition.Login.Login_TC] [user_open_the_demoblaze_homepage] [com.project.demo.stepdefinition.Login.Login_TC.user_open_the_demoblaze_homepage(Login_TC.java:34)] - Opening the demoblaze application
2020-04-11 07:25:10.601 INFO [main] [com.project.demo.stepdefinition.Login.Login_TC] [click_on_the_login_button_popup_window_appears] [com.project.demo.stepdefinition.Login.Login_TC.click_on_the_login_button_popup_window_appears(Login_TC.java:40)] - popup window appears
2020-04-11 07:25:11.000 INFO [main] [com.project.demo.stepdefinition.Login.Login_TC] [user_enter_the_username] [com.project.demo.stepdefinition.Login.Login_TC.user_enter_the_username(Login_TC.java:47)] - filling up username
2020-04-11 07:25:17.904 INFO [main] [com.project.demo.stepdefinition.Login.Login_TC] [user_enter_the_passsword] [com.project.demo.stepdefinition.Login.Login_TC.user_enter_the_passsword(Login_TC.java:55)] - filling up password
2020-04-11 07:25:18.262 INFO [main] [com.project.demo.stepdefinition.Login.Login_TC] [user_click_on_login_button_to_go_to_homepage] [com.project.demo.stepdefinition.Login.Login_TC.user_click_on_login_button_to_go_to_homepage(Login_TC.java:62)] - clicking on login button
2020-04-11 07:25:36.201 INFO [main] [com.project.demo.stepdefinition.Laptop.Laptop_TC] [user_will_click_on_desired_laptop] [com.project.demo.stepdefinition.Laptop.Laptop_TC.user_will_click_on_desired_laptop(Laptop_TC.java:34)] - clicking on desired laptop
2020-04-11 07:25:42.729 INFO [main] [com.project.demo.stepdefinition.Laptop.Laptop_TC] [tap_ok_on_popup] [com.project.demo.stepdefinition.Laptop.Laptop_TC.tap_ok_on_popup(Laptop_TC.java:51)] - handling window alerts
2020-04-11 07:25:42.768 INFO [main] [com.project.demo.stepdefinition.Laptop.Laptop_TC] [the_user_click_on_cart_page] [com.project.demo.stepdefinition.Laptop.Laptop_TC.the_user_click_on_cart_page(Laptop_TC.java:58)] - clicking on cart page
